<?xml version="1.0" encoding="UTF-8"?>
<!-- Generated by org.testng.reporters.JUnitReportReporter -->
<testsuite hostname="swaroop-HP-Notebook" failures="0" tests="1" name="testcases.TestCase1" time="5.763" errors="0" timestamp="13 June 2023 06:33:09 GMT" skipped="0">
  <testcase classname="testcases.TestCase1" name="validateErrors" time="5.763"/>
</testsuite> <!-- testcases.TestCase1 -->
