<?xml version="1.0" encoding="UTF-8"?>
<!-- Generated by org.testng.reporters.JUnitReportReporter -->
<testsuite hostname="swaroop-HP-Notebook" failures="0" tests="5" name="testcases.TestCase2" time="47.181" errors="0" timestamp="13 June 2023 06:33:09 GMT" skipped="0">
  <testcase classname="testcases.TestCase2" name="giveFeedback" time="18.717"/>
  <testcase classname="testcases.TestCase2" name="giveFeedback" time="5.136"/>
  <testcase classname="testcases.TestCase2" name="giveFeedback" time="5.458"/>
  <testcase classname="testcases.TestCase2" name="giveFeedback" time="12.061"/>
  <testcase classname="testcases.TestCase2" name="giveFeedback" time="5.809"/>
</testsuite> <!-- testcases.TestCase2 -->
