<?xml version="1.0" encoding="UTF-8"?>
<!-- Generated by org.testng.reporters.JUnitReportReporter -->
<testsuite hostname="swaroop-HP-Notebook" failures="0" tests="1" name="testcases.TestCase3" time="5.155" errors="0" timestamp="13 June 2023 06:33:09 GMT" skipped="0">
  <testcase classname="testcases.TestCase3" name="shoppingItems" time="5.155"/>
</testsuite> <!-- testcases.TestCase3 -->
